1640257678818	geckodriver	INFO	Listening on 127.0.0.1:57915
1640257679321	mozrunner::runner	INFO	Running command: "/usr/bin/firefox" "--marionette" "--remote-debugging-port" "40579" "-no-remote" "-profile" "/tmp/rust_mozprofileS9uJrj"
1640257687712	Marionette	INFO	Marionette enabled
console.warn: SearchSettings: "get: No settings file exists, new profile?" (new NotFoundError("Could not open the file at /tmp/rust_mozprofileS9uJrj/search.json.mozlz4", (void 0)))
DevTools listening on ws://localhost:40579/devtools/browser/8c3fa50f-f92b-444a-81b7-ed6ff165379c
1640257693553	Marionette	INFO	Listening on port 42019
console.error: Region.jsm: "Error fetching region" (new Error("TIMEOUT", "resource://gre/modules/Region.jsm", 772))
console.error: Region.jsm: "Failed to fetch region" (new Error("TIMEOUT", "resource://gre/modules/Region.jsm", 419))
1640257694469	RemoteAgent	WARN	TLS certificate errors will be ignored for this session
1640257983056	Marionette	INFO	Stopped listening on port 42019

###!!! [Child][RunMessage] Error: Channel closing: too late to send/recv, messages will be lost

console.warn: TopSitesFeed: Failed to fetch data from Contile server: NetworkError when attempting to fetch resource.
1640257984948	geckodriver	INFO	Listening on 127.0.0.1:48281
1640257985457	mozrunner::runner	INFO	Running command: "/usr/bin/firefox" "--marionette" "--remote-debugging-port" "44709" "-no-remote" "-profile" "/tmp/rust_mozprofilexU3cnn"
1640257991506	Marionette	INFO	Marionette enabled
console.warn: SearchSettings: "get: No settings file exists, new profile?" (new NotFoundError("Could not open the file at /tmp/rust_mozprofilexU3cnn/search.json.mozlz4", (void 0)))
DevTools listening on ws://localhost:44709/devtools/browser/8ae90d65-1677-45ad-9fc2-fe3c6cd82d30
1640257997988	Marionette	INFO	Listening on port 43013
console.error: Region.jsm: "Error fetching region" (new Error("TIMEOUT", "resource://gre/modules/Region.jsm", 772))
console.error: Region.jsm: "Failed to fetch region" (new Error("TIMEOUT", "resource://gre/modules/Region.jsm", 419))
1640257998846	RemoteAgent	WARN	TLS certificate errors will be ignored for this session
1640258023694	Marionette	INFO	Stopped listening on port 43013
1640258071338	geckodriver	INFO	Listening on 127.0.0.1:50613
1640258071341	mozrunner::runner	INFO	Running command: "/usr/bin/firefox" "--marionette" "--remote-debugging-port" "53869" "-no-remote" "-profile" "/tmp/rust_mozprofileTVsB5l"
1640258078845	Marionette	INFO	Marionette enabled
console.warn: SearchSettings: "get: No settings file exists, new profile?" (new NotFoundError("Could not open the file at /tmp/rust_mozprofileTVsB5l/search.json.mozlz4", (void 0)))
DevTools listening on ws://localhost:53869/devtools/browser/8e40c15e-38e8-4aaf-a276-2146d8ecd3a8
1640258084323	Marionette	INFO	Listening on port 40103
1640258084916	RemoteAgent	WARN	TLS certificate errors will be ignored for this session
console.error: Region.jsm: "Error fetching region" (new Error("TIMEOUT", "resource://gre/modules/Region.jsm", 772))
console.error: Region.jsm: "Failed to fetch region" (new Error("TIMEOUT", "resource://gre/modules/Region.jsm", 419))
1640258157520	Marionette	INFO	Stopped listening on port 40103
1640258280911	geckodriver	INFO	Listening on 127.0.0.1:41491
1640258280913	mozrunner::runner	INFO	Running command: "/usr/bin/firefox" "--marionette" "--remote-debugging-port" "39443" "-no-remote" "-profile" "/tmp/rust_mozprofile4G1qPF"
1640258286665	Marionette	INFO	Marionette enabled
console.warn: SearchSettings: "get: No settings file exists, new profile?" (new NotFoundError("Could not open the file at /tmp/rust_mozprofile4G1qPF/search.json.mozlz4", (void 0)))
console.error: Region.jsm: "Error fetching region" (new Error("TIMEOUT", "resource://gre/modules/Region.jsm", 772))
console.error: Region.jsm: "Failed to fetch region" (new Error("TIMEOUT", "resource://gre/modules/Region.jsm", 419))
DevTools listening on ws://localhost:39443/devtools/browser/2b7af021-2848-493d-b0f7-b590d2be0c1a
1640258293611	Marionette	INFO	Listening on port 40615
1640258294495	RemoteAgent	WARN	TLS certificate errors will be ignored for this session
1640258492233	geckodriver	INFO	Listening on 127.0.0.1:56219
1640258492235	mozrunner::runner	INFO	Running command: "/usr/bin/firefox" "--marionette" "--remote-debugging-port" "45185" "-no-remote" "-profile" "/tmp/rust_mozprofilelkjMVU"
1640258498495	Marionette	INFO	Marionette enabled
console.warn: SearchSettings: "get: No settings file exists, new profile?" (new NotFoundError("Could not open the file at /tmp/rust_mozprofilelkjMVU/search.json.mozlz4", (void 0)))
DevTools listening on ws://localhost:45185/devtools/browser/70bf697b-699d-4889-855b-09229ed21074
1640258505639	Marionette	INFO	Listening on port 36613
1640258506201	RemoteAgent	WARN	TLS certificate errors will be ignored for this session
console.error: Region.jsm: "Error fetching region" (new Error("TIMEOUT", "resource://gre/modules/Region.jsm", 772))
console.error: Region.jsm: "Failed to fetch region" (new Error("TIMEOUT", "resource://gre/modules/Region.jsm", 419))
1640258586554	geckodriver	INFO	Listening on 127.0.0.1:57771
1640258586556	mozrunner::runner	INFO	Running command: "/usr/bin/firefox" "--marionette" "--remote-debugging-port" "57013" "-no-remote" "-profile" "/tmp/rust_mozprofileHUXwf7"
1640258593499	Marionette	INFO	Marionette enabled
console.warn: SearchSettings: "get: No settings file exists, new profile?" (new NotFoundError("Could not open the file at /tmp/rust_mozprofileHUXwf7/search.json.mozlz4", (void 0)))
DevTools listening on ws://localhost:57013/devtools/browser/5fc28b00-0316-44b0-9888-6177a8b3629e
1640258599364	Marionette	INFO	Listening on port 44531
1640258600032	RemoteAgent	WARN	TLS certificate errors will be ignored for this session
console.error: Region.jsm: "Error fetching region" (new Error("TIMEOUT", "resource://gre/modules/Region.jsm", 772))
console.error: Region.jsm: "Failed to fetch region" (new Error("TIMEOUT", "resource://gre/modules/Region.jsm", 419))
1640258728440	geckodriver	INFO	Listening on 127.0.0.1:32791
1640258728443	mozrunner::runner	INFO	Running command: "/usr/bin/firefox" "--marionette" "--remote-debugging-port" "57013" "-no-remote" "-profile" "/tmp/rust_mozprofilepf2ck2"
1640258734303	Marionette	INFO	Marionette enabled
console.warn: SearchSettings: "get: No settings file exists, new profile?" (new NotFoundError("Could not open the file at /tmp/rust_mozprofilepf2ck2/search.json.mozlz4", (void 0)))
console.error: Region.jsm: "Error fetching region" (new Error("TIMEOUT", "resource://gre/modules/Region.jsm", 772))
console.error: Region.jsm: "Failed to fetch region" (new Error("TIMEOUT", "resource://gre/modules/Region.jsm", 419))
DevTools listening on ws://localhost:57013/devtools/browser/b8f3b894-143b-41b2-949e-6f2de46cfef0
1640258741587	Marionette	INFO	Listening on port 42245
1640258742061	RemoteAgent	WARN	TLS certificate errors will be ignored for this session
1640258832198	geckodriver	INFO	Listening on 127.0.0.1:48705
1640258832201	mozrunner::runner	INFO	Running command: "/usr/bin/firefox" "--marionette" "--remote-debugging-port" "47021" "-no-remote" "-profile" "/tmp/rust_mozprofilexk7BQ9"
1640258839535	Marionette	INFO	Marionette enabled
console.warn: SearchSettings: "get: No settings file exists, new profile?" (new NotFoundError("Could not open the file at /tmp/rust_mozprofilexk7BQ9/search.json.mozlz4", (void 0)))
DevTools listening on ws://localhost:47021/devtools/browser/508bdd1c-7c28-4f5b-ba4a-989d2581b735
1640258845940	Marionette	INFO	Listening on port 46213
console.error: Region.jsm: "Error fetching region" (new Error("TIMEOUT", "resource://gre/modules/Region.jsm", 772))
console.error: Region.jsm: "Failed to fetch region" (new Error("TIMEOUT", "resource://gre/modules/Region.jsm", 419))
1640258847883	RemoteAgent	WARN	TLS certificate errors will be ignored for this session
1640259001378	Marionette	INFO	Stopped listening on port 46213
1640259012796	geckodriver	INFO	Listening on 127.0.0.1:36439
1640259013301	mozrunner::runner	INFO	Running command: "/usr/bin/firefox" "--marionette" "--remote-debugging-port" "39713" "-no-remote" "-profile" "/tmp/rust_mozprofilel5Fwuw"
1640259019255	Marionette	INFO	Marionette enabled
console.warn: SearchSettings: "get: No settings file exists, new profile?" (new NotFoundError("Could not open the file at /tmp/rust_mozprofilel5Fwuw/search.json.mozlz4", (void 0)))
DevTools listening on ws://localhost:39713/devtools/browser/53613ed5-bdff-4dc9-82f4-fc956c615dfa
1640259026968	Marionette	INFO	Listening on port 35843
console.error: Region.jsm: "Error fetching region" (new Error("TIMEOUT", "resource://gre/modules/Region.jsm", 772))
console.error: Region.jsm: "Failed to fetch region" (new Error("TIMEOUT", "resource://gre/modules/Region.jsm", 419))
1640259027817	RemoteAgent	WARN	TLS certificate errors will be ignored for this session
1640259043006	Marionette	INFO	Stopped listening on port 35843

###!!! [Child][RunMessage] Error: Channel closing: too late to send/recv, messages will be lost

1640259113996	geckodriver	INFO	Listening on 127.0.0.1:48523
1640259113999	mozrunner::runner	INFO	Running command: "/usr/bin/firefox" "--marionette" "--remote-debugging-port" "37925" "-no-remote" "-profile" "/tmp/rust_mozprofileu98WXs"
1640259120413	Marionette	INFO	Marionette enabled
console.warn: SearchSettings: "get: No settings file exists, new profile?" (new NotFoundError("Could not open the file at /tmp/rust_mozprofileu98WXs/search.json.mozlz4", (void 0)))
DevTools listening on ws://localhost:37925/devtools/browser/7561cdd0-dbcd-46ee-ade3-488b60e8133f
1640259127393	Marionette	INFO	Listening on port 37545
1640259128065	RemoteAgent	WARN	TLS certificate errors will be ignored for this session
console.error: Region.jsm: "Error fetching region" (new Error("TIMEOUT", "resource://gre/modules/Region.jsm", 772))
console.error: Region.jsm: "Failed to fetch region" (new Error("TIMEOUT", "resource://gre/modules/Region.jsm", 419))
1640259237543	geckodriver	INFO	Listening on 127.0.0.1:52807
1640259237546	mozrunner::runner	INFO	Running command: "/usr/bin/firefox" "--marionette" "--remote-debugging-port" "39415" "-no-remote" "-profile" "/tmp/rust_mozprofileqFUViH"
1640259243803	Marionette	INFO	Marionette enabled
console.warn: SearchSettings: "get: No settings file exists, new profile?" (new NotFoundError("Could not open the file at /tmp/rust_mozprofileqFUViH/search.json.mozlz4", (void 0)))
console.error: Region.jsm: "Error fetching region" (new Error("TIMEOUT", "resource://gre/modules/Region.jsm", 772))
console.error: Region.jsm: "Failed to fetch region" (new Error("TIMEOUT", "resource://gre/modules/Region.jsm", 419))
DevTools listening on ws://localhost:39415/devtools/browser/dcd3205c-1092-4a41-a84e-265061904c0c
1640259250759	Marionette	INFO	Listening on port 37709
1640259251440	RemoteAgent	WARN	TLS certificate errors will be ignored for this session
1640259479261	geckodriver	INFO	Listening on 127.0.0.1:33869
1640259479264	mozrunner::runner	INFO	Running command: "/usr/bin/firefox" "--marionette" "--remote-debugging-port" "58347" "-no-remote" "-profile" "/tmp/rust_mozprofiler6WXWe"
1640259485349	Marionette	INFO	Marionette enabled
console.warn: SearchSettings: "get: No settings file exists, new profile?" (new NotFoundError("Could not open the file at /tmp/rust_mozprofiler6WXWe/search.json.mozlz4", (void 0)))
console.error: Region.jsm: "Error fetching region" (new Error("TIMEOUT", "resource://gre/modules/Region.jsm", 772))
console.error: Region.jsm: "Failed to fetch region" (new Error("TIMEOUT", "resource://gre/modules/Region.jsm", 419))
DevTools listening on ws://localhost:58347/devtools/browser/1c76a962-bb32-4a4e-88ee-e2b96223d118
1640259492443	Marionette	INFO	Listening on port 43099
1640259493101	RemoteAgent	WARN	TLS certificate errors will be ignored for this session
1640259606553	geckodriver	INFO	Listening on 127.0.0.1:41283
1640259606557	mozrunner::runner	INFO	Running command: "/usr/bin/firefox" "--marionette" "--remote-debugging-port" "35431" "-no-remote" "-profile" "/tmp/rust_mozprofilebzp5eY"
1640259612993	Marionette	INFO	Marionette enabled
console.warn: SearchSettings: "get: No settings file exists, new profile?" (new NotFoundError("Could not open the file at /tmp/rust_mozprofilebzp5eY/search.json.mozlz4", (void 0)))
console.error: Region.jsm: "Error fetching region" (new Error("TIMEOUT", "resource://gre/modules/Region.jsm", 772))
console.error: Region.jsm: "Failed to fetch region" (new Error("TIMEOUT", "resource://gre/modules/Region.jsm", 419))
DevTools listening on ws://localhost:35431/devtools/browser/8431f42b-5cdb-4874-94f7-3283d6a88f7e
1640259620106	Marionette	INFO	Listening on port 42899
1640259620795	RemoteAgent	WARN	TLS certificate errors will be ignored for this session
console.log: WebExtensions: reset-default-search: starting.
console.log: WebExtensions: reset-default-search: No addons in our list are installed.
1640260153833	geckodriver	INFO	Listening on 127.0.0.1:58747
1640260153836	mozrunner::runner	INFO	Running command: "/usr/bin/firefox" "--marionette" "--remote-debugging-port" "34011" "-no-remote" "-profile" "/tmp/rust_mozprofileCTli1x"
1640260161064	Marionette	INFO	Marionette enabled
console.warn: SearchSettings: "get: No settings file exists, new profile?" (new NotFoundError("Could not open the file at /tmp/rust_mozprofileCTli1x/search.json.mozlz4", (void 0)))
console.error: Region.jsm: "Error fetching region" (new Error("TIMEOUT", "resource://gre/modules/Region.jsm", 772))
console.error: Region.jsm: "Failed to fetch region" (new Error("TIMEOUT", "resource://gre/modules/Region.jsm", 419))
DevTools listening on ws://localhost:34011/devtools/browser/11555309-dbac-46cb-ae0b-c082dbb60632
1640260168191	Marionette	INFO	Listening on port 41735
1640260168855	RemoteAgent	WARN	TLS certificate errors will be ignored for this session
1640260239850	geckodriver	INFO	Listening on 127.0.0.1:49009
1640260239854	mozrunner::runner	INFO	Running command: "/usr/bin/firefox" "--marionette" "--remote-debugging-port" "49683" "-no-remote" "-profile" "/tmp/rust_mozprofileRNJkW4"
1640260248274	Marionette	INFO	Marionette enabled
console.warn: SearchSettings: "get: No settings file exists, new profile?" (new NotFoundError("Could not open the file at /tmp/rust_mozprofileRNJkW4/search.json.mozlz4", (void 0)))
console.error: Region.jsm: "Error fetching region" (new Error("TIMEOUT", "resource://gre/modules/Region.jsm", 772))
console.error: Region.jsm: "Failed to fetch region" (new Error("TIMEOUT", "resource://gre/modules/Region.jsm", 419))
DevTools listening on ws://localhost:49683/devtools/browser/fd3ed090-8149-451b-9c67-e063b7edb6a8
1640260254966	Marionette	INFO	Listening on port 44603
1640260255969	RemoteAgent	WARN	TLS certificate errors will be ignored for this session
JavaScript error: resource://gre/modules/Prompter.jsm, line 1057: AbortError: Actor 'Prompt' destroyed before query 'Prompt:Open' was resolved
console.log: WebExtensions: reset-default-search: starting.
console.log: WebExtensions: reset-default-search: No addons in our list are installed.
1640261116703	Marionette	INFO	Stopped listening on port 44603

###!!! [Parent][RunMessage] Error: Channel closing: too late to send/recv, messages will be lost

1640261133197	geckodriver	INFO	Listening on 127.0.0.1:45095
1640261133708	mozrunner::runner	INFO	Running command: "/usr/bin/firefox" "--marionette" "--remote-debugging-port" "46807" "-no-remote" "-profile" "/tmp/rust_mozprofileJXCjng"
1640261140792	Marionette	INFO	Marionette enabled
console.warn: SearchSettings: "get: No settings file exists, new profile?" (new NotFoundError("Could not open the file at /tmp/rust_mozprofileJXCjng/search.json.mozlz4", (void 0)))
console.error: Region.jsm: "Error fetching region" (new Error("TIMEOUT", "resource://gre/modules/Region.jsm", 772))
console.error: Region.jsm: "Failed to fetch region" (new Error("TIMEOUT", "resource://gre/modules/Region.jsm", 419))
DevTools listening on ws://localhost:46807/devtools/browser/3e0a28e1-5ed2-4f29-a1ef-fd072a89467a
1640261147935	Marionette	INFO	Listening on port 40831
1640261148710	RemoteAgent	WARN	TLS certificate errors will be ignored for this session
console.log: WebExtensions: reset-default-search: starting.
console.log: WebExtensions: reset-default-search: No addons in our list are installed.
1640261889617	geckodriver	INFO	Listening on 127.0.0.1:59321
1640261889620	mozrunner::runner	INFO	Running command: "/usr/bin/firefox" "--marionette" "--remote-debugging-port" "46915" "-no-remote" "-profile" "/tmp/rust_mozprofileZMXqtx"
1640261897036	Marionette	INFO	Marionette enabled
console.warn: SearchSettings: "get: No settings file exists, new profile?" (new NotFoundError("Could not open the file at /tmp/rust_mozprofileZMXqtx/search.json.mozlz4", (void 0)))
console.error: Region.jsm: "Error fetching region" (new Error("TIMEOUT", "resource://gre/modules/Region.jsm", 772))
console.error: Region.jsm: "Failed to fetch region" (new Error("TIMEOUT", "resource://gre/modules/Region.jsm", 419))
DevTools listening on ws://localhost:46915/devtools/browser/30386f6c-d0ad-41b0-982a-5155bb2b2dbf
1640261905059	Marionette	INFO	Listening on port 34895
1640261905794	RemoteAgent	WARN	TLS certificate errors will be ignored for this session
1640262258879	geckodriver	INFO	Listening on 127.0.0.1:42589
1640262258883	mozrunner::runner	INFO	Running command: "/usr/bin/firefox" "--marionette" "--remote-debugging-port" "52551" "-no-remote" "-profile" "/tmp/rust_mozprofileqbGx0V"
1640262265890	Marionette	INFO	Marionette enabled
console.warn: SearchSettings: "get: No settings file exists, new profile?" (new NotFoundError("Could not open the file at /tmp/rust_mozprofileqbGx0V/search.json.mozlz4", (void 0)))
console.error: Region.jsm: "Error fetching region" (new Error("TIMEOUT", "resource://gre/modules/Region.jsm", 772))
console.error: Region.jsm: "Failed to fetch region" (new Error("TIMEOUT", "resource://gre/modules/Region.jsm", 419))
DevTools listening on ws://localhost:52551/devtools/browser/6120faca-7d60-4ab0-9fca-0e3430df59b0
1640262272943	Marionette	INFO	Listening on port 40515
1640262273663	RemoteAgent	WARN	TLS certificate errors will be ignored for this session
1640264918599	geckodriver	INFO	Listening on 127.0.0.1:59113
1640264918605	mozrunner::runner	INFO	Running command: "/usr/bin/firefox" "--marionette" "--remote-debugging-port" "60263" "-no-remote" "-profile" "/tmp/rust_mozprofileDM55iu"
1640264926312	Marionette	INFO	Marionette enabled
console.warn: SearchSettings: "get: No settings file exists, new profile?" (new NotFoundError("Could not open the file at /tmp/rust_mozprofileDM55iu/search.json.mozlz4", (void 0)))
console.error: Region.jsm: "Error fetching region" (new Error("TIMEOUT", "resource://gre/modules/Region.jsm", 772))
console.error: Region.jsm: "Failed to fetch region" (new Error("TIMEOUT", "resource://gre/modules/Region.jsm", 419))
DevTools listening on ws://localhost:60263/devtools/browser/3541d3b8-fbe7-4134-878c-607becb3d465
1640264933115	Marionette	INFO	Listening on port 39877
1640264933169	RemoteAgent	WARN	TLS certificate errors will be ignored for this session
console.log: WebExtensions: reset-default-search: starting.
console.log: WebExtensions: reset-default-search: No addons in our list are installed.
